build/app/intermediates/manifest_merge_blame_file/debug/processDebugMainManifest/manifest-merger-blame-debug-report.txt
1<?xml version="1.0" encoding="utf-8"?>
2<manifest xmlns:android="http://schemas.android.com/apk/res/android"
3    package="com.codephoria.bandwidthsahre"
4    android:versionCode="1"
5    android:versionName="1.0.0" >
6
7    <uses-sdk
8        android:minSdkVersion="21"
9        android:targetSdkVersion="35" />
10    <!--
11         The INTERNET permission is required for development. Specifically,
12         the Flutter tool needs it to communicate with the running application
13         to allow setting breakpoints, to provide hot reload, etc.
14    -->
15    <uses-permission android:name="android.permission.INTERNET" />
15-->src/debug/AndroidManifest.xml:6:5-66
15-->src/debug/AndroidManifest.xml:6:22-64
16    <!--
17     Required to query activities that can process text, see:
18         https://developer.android.com/training/package-visibility and
19         https://developer.android.com/reference/android/content/Intent#ACTION_PROCESS_TEXT.
20
21         In particular, this is used by the Flutter engine in io.flutter.plugin.text.ProcessTextPlugin.
22    -->
23    <queries>
23-->src/main/AndroidManifest.xml:39:5-44:15
24        <intent>
24-->src/main/AndroidManifest.xml:40:9-43:18
25            <action android:name="android.intent.action.PROCESS_TEXT" />
25-->src/main/AndroidManifest.xml:41:13-72
25-->src/main/AndroidManifest.xml:41:21-70
26
27            <data android:mimeType="text/plain" />
27-->src/main/AndroidManifest.xml:42:13-50
27-->src/main/AndroidManifest.xml:42:19-48
28        </intent>
29    </queries>
30
31    <uses-permission android:name="android.permission.ACCESS_NETWORK_STATE" />
31-->[com.google.android.gms:play-services-measurement:22.4.0] AndroidManifest.xml:24:5-79
31-->[com.google.android.gms:play-services-measurement:22.4.0] AndroidManifest.xml:24:22-76
32    <uses-permission android:name="android.permission.WAKE_LOCK" />
32-->[com.google.android.gms:play-services-measurement:22.4.0] AndroidManifest.xml:25:5-68
32-->[com.google.android.gms:play-services-measurement:22.4.0] AndroidManifest.xml:25:22-65
33    <uses-permission android:name="com.google.android.finsky.permission.BIND_GET_INSTALL_REFERRER_SERVICE" />
33-->[com.google.android.gms:play-services-measurement:22.4.0] AndroidManifest.xml:26:5-110
33-->[com.google.android.gms:play-services-measurement:22.4.0] AndroidManifest.xml:26:22-107
34    <uses-permission android:name="com.google.android.gms.permission.AD_ID" />
34-->[com.google.android.gms:play-services-measurement-api:22.4.0] AndroidManifest.xml:25:5-79
34-->[com.google.android.gms:play-services-measurement-api:22.4.0] AndroidManifest.xml:25:22-76
35    <uses-permission android:name="android.permission.ACCESS_ADSERVICES_ATTRIBUTION" />
35-->[com.google.android.gms:play-services-measurement-api:22.4.0] AndroidManifest.xml:26:5-88
35-->[com.google.android.gms:play-services-measurement-api:22.4.0] AndroidManifest.xml:26:22-85
36    <uses-permission android:name="android.permission.ACCESS_ADSERVICES_AD_ID" />
36-->[com.google.android.gms:play-services-measurement-api:22.4.0] AndroidManifest.xml:27:5-82
36-->[com.google.android.gms:play-services-measurement-api:22.4.0] AndroidManifest.xml:27:22-79
37
38    <permission
38-->[androidx.core:core:1.13.1] AndroidManifest.xml:22:5-24:47
39        android:name="com.codephoria.bandwidthsahre.DYNAMIC_RECEIVER_NOT_EXPORTED_PERMISSION"
39-->[androidx.core:core:1.13.1] AndroidManifest.xml:23:9-81
40        android:protectionLevel="signature" />
40-->[androidx.core:core:1.13.1] AndroidManifest.xml:24:9-44
41
42    <uses-permission android:name="com.codephoria.bandwidthsahre.DYNAMIC_RECEIVER_NOT_EXPORTED_PERMISSION" />
42-->[androidx.core:core:1.13.1] AndroidManifest.xml:26:5-97
42-->[androidx.core:core:1.13.1] AndroidManifest.xml:26:22-94
43
44    <application
45        android:name="android.app.Application"
46        android:appComponentFactory="androidx.core.app.CoreComponentFactory"
46-->[androidx.core:core:1.13.1] AndroidManifest.xml:28:18-86
47        android:debuggable="true"
48        android:extractNativeLibs="true"
49        android:icon="@mipmap/ic_launcher"
50        android:label="dataplug" >
51        <activity
52            android:name="com.codephoria.bandwidthsahre.MainActivity"
53            android:configChanges="orientation|keyboardHidden|keyboard|screenSize|smallestScreenSize|locale|layoutDirection|fontScale|screenLayout|density|uiMode"
54            android:exported="true"
55            android:hardwareAccelerated="true"
56            android:launchMode="singleTop"
57            android:taskAffinity=""
58            android:theme="@style/LaunchTheme"
59            android:windowSoftInputMode="adjustResize" >
60
61            <!--
62                 Specifies an Android theme to apply to this Activity as soon as
63                 the Android process has started. This theme is visible to the user
64                 while the Flutter UI initializes. After that, this theme continues
65                 to determine the Window background behind the Flutter UI.
66            -->
67            <meta-data
68                android:name="io.flutter.embedding.android.NormalTheme"
69                android:resource="@style/NormalTheme" />
70
71            <intent-filter>
72                <action android:name="android.intent.action.MAIN" />
73
74                <category android:name="android.intent.category.LAUNCHER" />
75            </intent-filter>
76        </activity>
77        <!--
78             Don't delete the meta-data below.
79             This is used by the Flutter tool to generate GeneratedPluginRegistrant.java
80        -->
81        <meta-data
82            android:name="flutterEmbedding"
83            android:value="2" />
84
85        <receiver
85-->[com.google.android.gms:play-services-measurement:22.4.0] AndroidManifest.xml:29:9-33:20
86            android:name="com.google.android.gms.measurement.AppMeasurementReceiver"
86-->[com.google.android.gms:play-services-measurement:22.4.0] AndroidManifest.xml:30:13-85
87            android:enabled="true"
87-->[com.google.android.gms:play-services-measurement:22.4.0] AndroidManifest.xml:31:13-35
88            android:exported="false" >
88-->[com.google.android.gms:play-services-measurement:22.4.0] AndroidManifest.xml:32:13-37
89        </receiver>
90
91        <service
91-->[com.google.android.gms:play-services-measurement:22.4.0] AndroidManifest.xml:35:9-38:40
92            android:name="com.google.android.gms.measurement.AppMeasurementService"
92-->[com.google.android.gms:play-services-measurement:22.4.0] AndroidManifest.xml:36:13-84
93            android:enabled="true"
93-->[com.google.android.gms:play-services-measurement:22.4.0] AndroidManifest.xml:37:13-35
94            android:exported="false" />
94-->[com.google.android.gms:play-services-measurement:22.4.0] AndroidManifest.xml:38:13-37
95        <service
95-->[com.google.android.gms:play-services-measurement:22.4.0] AndroidManifest.xml:39:9-43:72
96            android:name="com.google.android.gms.measurement.AppMeasurementJobService"
96-->[com.google.android.gms:play-services-measurement:22.4.0] AndroidManifest.xml:40:13-87
97            android:enabled="true"
97-->[com.google.android.gms:play-services-measurement:22.4.0] AndroidManifest.xml:41:13-35
98            android:exported="false"
98-->[com.google.android.gms:play-services-measurement:22.4.0] AndroidManifest.xml:42:13-37
99            android:permission="android.permission.BIND_JOB_SERVICE" />
99-->[com.google.android.gms:play-services-measurement:22.4.0] AndroidManifest.xml:43:13-69
100        <service
100-->[com.google.android.gms:play-services-measurement-api:22.4.0] AndroidManifest.xml:30:9-36:19
101            android:name="com.google.firebase.components.ComponentDiscoveryService"
101-->[com.google.android.gms:play-services-measurement-api:22.4.0] AndroidManifest.xml:31:13-84
102            android:directBootAware="true"
102-->[com.google.firebase:firebase-common:21.0.0] AndroidManifest.xml:32:13-43
103            android:exported="false" >
103-->[com.google.android.gms:play-services-measurement-api:22.4.0] AndroidManifest.xml:32:13-37
104            <meta-data
104-->[com.google.android.gms:play-services-measurement-api:22.4.0] AndroidManifest.xml:33:13-35:85
105                android:name="com.google.firebase.components:com.google.firebase.analytics.connector.internal.AnalyticsConnectorRegistrar"
105-->[com.google.android.gms:play-services-measurement-api:22.4.0] AndroidManifest.xml:34:17-139
106                android:value="com.google.firebase.components.ComponentRegistrar" />
106-->[com.google.android.gms:play-services-measurement-api:22.4.0] AndroidManifest.xml:35:17-82
107            <meta-data
107-->[com.google.firebase:firebase-installations:18.0.0] AndroidManifest.xml:15:13-17:85
108                android:name="com.google.firebase.components:com.google.firebase.installations.FirebaseInstallationsKtxRegistrar"
108-->[com.google.firebase:firebase-installations:18.0.0] AndroidManifest.xml:16:17-130
109                android:value="com.google.firebase.components.ComponentRegistrar" />
109-->[com.google.firebase:firebase-installations:18.0.0] AndroidManifest.xml:17:17-82
110            <meta-data
110-->[com.google.firebase:firebase-installations:18.0.0] AndroidManifest.xml:18:13-20:85
111                android:name="com.google.firebase.components:com.google.firebase.installations.FirebaseInstallationsRegistrar"
111-->[com.google.firebase:firebase-installations:18.0.0] AndroidManifest.xml:19:17-127
112                android:value="com.google.firebase.components.ComponentRegistrar" />
112-->[com.google.firebase:firebase-installations:18.0.0] AndroidManifest.xml:20:17-82
113            <meta-data
113-->[com.google.firebase:firebase-common-ktx:21.0.0] AndroidManifest.xml:12:13-14:85
114                android:name="com.google.firebase.components:com.google.firebase.ktx.FirebaseCommonLegacyRegistrar"
114-->[com.google.firebase:firebase-common-ktx:21.0.0] AndroidManifest.xml:13:17-116
115                android:value="com.google.firebase.components.ComponentRegistrar" />
115-->[com.google.firebase:firebase-common-ktx:21.0.0] AndroidManifest.xml:14:17-82
116            <meta-data
116-->[com.google.firebase:firebase-common:21.0.0] AndroidManifest.xml:35:13-37:85
117                android:name="com.google.firebase.components:com.google.firebase.FirebaseCommonKtxRegistrar"
117-->[com.google.firebase:firebase-common:21.0.0] AndroidManifest.xml:36:17-109
118                android:value="com.google.firebase.components.ComponentRegistrar" />
118-->[com.google.firebase:firebase-common:21.0.0] AndroidManifest.xml:37:17-82
119        </service>
120
121        <provider
121-->[com.google.firebase:firebase-common:21.0.0] AndroidManifest.xml:23:9-28:39
122            android:name="com.google.firebase.provider.FirebaseInitProvider"
122-->[com.google.firebase:firebase-common:21.0.0] AndroidManifest.xml:24:13-77
123            android:authorities="com.codephoria.bandwidthsahre.firebaseinitprovider"
123-->[com.google.firebase:firebase-common:21.0.0] AndroidManifest.xml:25:13-72
124            android:directBootAware="true"
124-->[com.google.firebase:firebase-common:21.0.0] AndroidManifest.xml:26:13-43
125            android:exported="false"
125-->[com.google.firebase:firebase-common:21.0.0] AndroidManifest.xml:27:13-37
126            android:initOrder="100" />
126-->[com.google.firebase:firebase-common:21.0.0] AndroidManifest.xml:28:13-36
127
128        <activity
128-->[com.google.android.gms:play-services-base:18.5.0] AndroidManifest.xml:5:9-173
129            android:name="com.google.android.gms.common.api.GoogleApiActivity"
129-->[com.google.android.gms:play-services-base:18.5.0] AndroidManifest.xml:5:19-85
130            android:exported="false"
130-->[com.google.android.gms:play-services-base:18.5.0] AndroidManifest.xml:5:146-170
131            android:theme="@android:style/Theme.Translucent.NoTitleBar" />
131-->[com.google.android.gms:play-services-base:18.5.0] AndroidManifest.xml:5:86-145
132
133        <uses-library
133-->[androidx.window:window:1.2.0] AndroidManifest.xml:23:9-25:40
134            android:name="androidx.window.extensions"
134-->[androidx.window:window:1.2.0] AndroidManifest.xml:24:13-54
135            android:required="false" />
135-->[androidx.window:window:1.2.0] AndroidManifest.xml:25:13-37
136        <uses-library
136-->[androidx.window:window:1.2.0] AndroidManifest.xml:26:9-28:40
137            android:name="androidx.window.sidecar"
137-->[androidx.window:window:1.2.0] AndroidManifest.xml:27:13-51
138            android:required="false" />
138-->[androidx.window:window:1.2.0] AndroidManifest.xml:28:13-37
139        <uses-library
139-->[androidx.privacysandbox.ads:ads-adservices:1.1.0-beta11] AndroidManifest.xml:23:9-25:40
140            android:name="android.ext.adservices"
140-->[androidx.privacysandbox.ads:ads-adservices:1.1.0-beta11] AndroidManifest.xml:24:13-50
141            android:required="false" />
141-->[androidx.privacysandbox.ads:ads-adservices:1.1.0-beta11] AndroidManifest.xml:25:13-37
142
143        <meta-data
143-->[com.google.android.gms:play-services-basement:18.5.0] AndroidManifest.xml:21:9-23:69
144            android:name="com.google.android.gms.version"
144-->[com.google.android.gms:play-services-basement:18.5.0] AndroidManifest.xml:22:13-58
145            android:value="@integer/google_play_services_version" />
145-->[com.google.android.gms:play-services-basement:18.5.0] AndroidManifest.xml:23:13-66
146
147        <provider
147-->[androidx.lifecycle:lifecycle-process:2.7.0] AndroidManifest.xml:24:9-32:20
148            android:name="androidx.startup.InitializationProvider"
148-->[androidx.lifecycle:lifecycle-process:2.7.0] AndroidManifest.xml:25:13-67
149            android:authorities="com.codephoria.bandwidthsahre.androidx-startup"
149-->[androidx.lifecycle:lifecycle-process:2.7.0] AndroidManifest.xml:26:13-68
150            android:exported="false" >
150-->[androidx.lifecycle:lifecycle-process:2.7.0] AndroidManifest.xml:27:13-37
151            <meta-data
151-->[androidx.lifecycle:lifecycle-process:2.7.0] AndroidManifest.xml:29:13-31:52
152                android:name="androidx.lifecycle.ProcessLifecycleInitializer"
152-->[androidx.lifecycle:lifecycle-process:2.7.0] AndroidManifest.xml:30:17-78
153                android:value="androidx.startup" />
153-->[androidx.lifecycle:lifecycle-process:2.7.0] AndroidManifest.xml:31:17-49
154            <meta-data
154-->[androidx.profileinstaller:profileinstaller:1.3.1] AndroidManifest.xml:29:13-31:52
155                android:name="androidx.profileinstaller.ProfileInstallerInitializer"
155-->[androidx.profileinstaller:profileinstaller:1.3.1] AndroidManifest.xml:30:17-85
156                android:value="androidx.startup" />
156-->[androidx.profileinstaller:profileinstaller:1.3.1] AndroidManifest.xml:31:17-49
157        </provider>
158
159        <receiver
159-->[androidx.profileinstaller:profileinstaller:1.3.1] AndroidManifest.xml:34:9-52:20
160            android:name="androidx.profileinstaller.ProfileInstallReceiver"
160-->[androidx.profileinstaller:profileinstaller:1.3.1] AndroidManifest.xml:35:13-76
161            android:directBootAware="false"
161-->[androidx.profileinstaller:profileinstaller:1.3.1] AndroidManifest.xml:36:13-44
162            android:enabled="true"
162-->[androidx.profileinstaller:profileinstaller:1.3.1] AndroidManifest.xml:37:13-35
163            android:exported="true"
163-->[androidx.profileinstaller:profileinstaller:1.3.1] AndroidManifest.xml:38:13-36
164            android:permission="android.permission.DUMP" >
164-->[androidx.profileinstaller:profileinstaller:1.3.1] AndroidManifest.xml:39:13-57
165            <intent-filter>
165-->[androidx.profileinstaller:profileinstaller:1.3.1] AndroidManifest.xml:40:13-42:29
166                <action android:name="androidx.profileinstaller.action.INSTALL_PROFILE" />
166-->[androidx.profileinstaller:profileinstaller:1.3.1] AndroidManifest.xml:41:17-91
166-->[androidx.profileinstaller:profileinstaller:1.3.1] AndroidManifest.xml:41:25-88
167            </intent-filter>
168            <intent-filter>
168-->[androidx.profileinstaller:profileinstaller:1.3.1] AndroidManifest.xml:43:13-45:29
169                <action android:name="androidx.profileinstaller.action.SKIP_FILE" />
169-->[androidx.profileinstaller:profileinstaller:1.3.1] AndroidManifest.xml:44:17-85
169-->[androidx.profileinstaller:profileinstaller:1.3.1] AndroidManifest.xml:44:25-82
170            </intent-filter>
171            <intent-filter>
171-->[androidx.profileinstaller:profileinstaller:1.3.1] AndroidManifest.xml:46:13-48:29
172                <action android:name="androidx.profileinstaller.action.SAVE_PROFILE" />
172-->[androidx.profileinstaller:profileinstaller:1.3.1] AndroidManifest.xml:47:17-88
172-->[androidx.profileinstaller:profileinstaller:1.3.1] AndroidManifest.xml:47:25-85
173            </intent-filter>
174            <intent-filter>
174-->[androidx.profileinstaller:profileinstaller:1.3.1] AndroidManifest.xml:49:13-51:29
175                <action android:name="androidx.profileinstaller.action.BENCHMARK_OPERATION" />
175-->[androidx.profileinstaller:profileinstaller:1.3.1] AndroidManifest.xml:50:17-95
175-->[androidx.profileinstaller:profileinstaller:1.3.1] AndroidManifest.xml:50:25-92
176            </intent-filter>
177        </receiver>
178    </application>
179
180</manifest>